<?xml version="1.0" encoding="UTF-8"?>
<!-- Generated by org.testng.reporters.JUnitReportReporter -->
<testsuite hostname="Gulshan" failures="0" tests="1" name="pack1.Practice" time="0.008" errors="0" timestamp="30 May 2024 16:01:22 GMT" skipped="0">
  <testcase classname="pack1.Practice" name="test" time="0.008"/>
</testsuite> <!-- pack1.Practice -->
